<?xml version="1.0" encoding="UTF-8"?>
<!-- Generated by org.testng.reporters.JUnitReportReporter -->
<testsuite hostname="KINI" failures="0" tests="1" name="com.hrms.testscripts.TC002" time="15.086" errors="0" timestamp="8 Feb 2022 14:02:31 GMT">
  <testcase classname="com.hrms.testscripts.TC002" name="tc003" time="15.086"/>
</testsuite> <!-- com.hrms.testscripts.TC002 -->
